
*** Running vivado
    with args -log top_module.vds -m64 -product Vivado -mode batch -messageDb vivado.pb -notrace -source top_module.tcl



****** Vivado v2024.1 (64-bit)
  **** SW Build 5076996 on Wed May 22 18:37:14 MDT 2024
  **** IP Build 5075265 on Wed May 22 21:45:21 MDT 2024
  **** SharedData Build 5076995 on Wed May 22 18:29:18 MDT 2024
  **** Start of session at: Wed Oct  2 09:28:39 2024
    ** Copyright 1986-2022 Xilinx, Inc. All Rights Reserved.
    ** Copyright 2022-2024 Advanced Micro Devices, Inc. All Rights Reserved.

source top_module.tcl -notrace
WARNING: [Common 17-1361] You have specified a new message control rule that is equivalent to an existing rule with attributes ' -id {17-179}  -suppress '. The existing rule will be replaced.
create_project: Time (s): cpu = 00:00:04 ; elapsed = 00:00:06 . Memory (MB): peak = 491.430 ; gain = 201.098
Command: read_checkpoint -auto_incremental -incremental C:/Users/youssef/Desktop/DigitalSystems/FPGA-Lab2/FPGA-Lab2.srcs/utils_1/imports/synth_1/top_module.dcp
INFO: [Vivado 12-5825] Read reference checkpoint from C:/Users/youssef/Desktop/DigitalSystems/FPGA-Lab2/FPGA-Lab2.srcs/utils_1/imports/synth_1/top_module.dcp for incremental synthesis
INFO: [Vivado 12-7989] Please ensure there are no constraint changes
Command: synth_design -top top_module -part xc7a35tcpg236-1
Starting synth_design
Attempting to get a license for feature 'Synthesis' and/or device 'xc7a35t'
INFO: [Common 17-349] Got license for feature 'Synthesis' and/or device 'xc7a35t'
INFO: [Device 21-403] Loading part xc7a35tcpg236-1
INFO: [Device 21-9227] Part: xc7a35tcpg236-1 does not have CEAM library.
INFO: [Designutils 20-5440] No compile time benefit to using incremental synthesis; A full resynthesis will be run
INFO: [Designutils 20-4379] Flow is switching to default flow due to incremental criteria not met. If you would like to alter this behaviour and have the flow terminate instead, please set the following parameter config_implementation {autoIncr.Synth.RejectBehavior Terminate}
INFO: [Synth 8-7079] Multithreading enabled for synth_design using a maximum of 2 processes.
INFO: [Synth 8-7078] Launching helper process for spawning children vivado processes
WARNING: [Common 17-1361] You have specified a new message control rule that is equivalent to an existing rule with attributes ' -id {17-179}  -suppress '. The existing rule will be replaced.
INFO: [Synth 8-7075] Helper process launched with PID 4192
---------------------------------------------------------------------------------
Starting RTL Elaboration : Time (s): cpu = 00:00:04 ; elapsed = 00:00:05 . Memory (MB): peak = 1346.820 ; gain = 449.016
---------------------------------------------------------------------------------
INFO: [Synth 8-6157] synthesizing module 'top_module' [C:/Users/youssef/Desktop/DigitalSystems/FPGA-Lab2/FPGA-Lab2.srcs/sources_1/new/top_module.v:23]
INFO: [Synth 8-6157] synthesizing module 'ClockDivider' [C:/Users/youssef/Desktop/DigitalSystems/FPGA-Lab2/FPGA-Lab2.srcs/sources_1/new/ClockDivider.v:24]
	Parameter TARGET_VALUE bound to: 750000 - type: integer 
INFO: [Synth 8-6155] done synthesizing module 'ClockDivider' (0#1) [C:/Users/youssef/Desktop/DigitalSystems/FPGA-Lab2/FPGA-Lab2.srcs/sources_1/new/ClockDivider.v:24]
INFO: [Synth 8-6157] synthesizing module 'ButtonCounter' [C:/Users/youssef/Desktop/DigitalSystems/FPGA-Lab2/FPGA-Lab2.srcs/sources_1/new/ButtonCounter.v:23]
	Parameter MAX_DIGIT bound to: 7 - type: integer 
INFO: [Synth 8-6155] done synthesizing module 'ButtonCounter' (0#1) [C:/Users/youssef/Desktop/DigitalSystems/FPGA-Lab2/FPGA-Lab2.srcs/sources_1/new/ButtonCounter.v:23]
INFO: [Synth 8-6157] synthesizing module 'VGA_Counter' [C:/Users/youssef/Desktop/DigitalSystems/FPGA-Lab2/FPGA-Lab2.srcs/sources_1/new/VGA_Counter.v:35]
INFO: [Synth 8-6157] synthesizing module 'ClockDivider__parameterized0' [C:/Users/youssef/Desktop/DigitalSystems/FPGA-Lab2/FPGA-Lab2.srcs/sources_1/new/ClockDivider.v:24]
	Parameter TARGET_VALUE bound to: 3 - type: integer 
INFO: [Synth 8-6155] done synthesizing module 'ClockDivider__parameterized0' (0#1) [C:/Users/youssef/Desktop/DigitalSystems/FPGA-Lab2/FPGA-Lab2.srcs/sources_1/new/ClockDivider.v:24]
INFO: [Synth 8-6155] done synthesizing module 'VGA_Counter' (0#1) [C:/Users/youssef/Desktop/DigitalSystems/FPGA-Lab2/FPGA-Lab2.srcs/sources_1/new/VGA_Counter.v:35]
WARNING: [Synth 8-7071] port 'xCoord' of module 'VGA_Counter' is unconnected for instance 'VGA' [C:/Users/youssef/Desktop/DigitalSystems/FPGA-Lab2/FPGA-Lab2.srcs/sources_1/new/top_module.v:50]
WARNING: [Synth 8-7071] port 'yCoord' of module 'VGA_Counter' is unconnected for instance 'VGA' [C:/Users/youssef/Desktop/DigitalSystems/FPGA-Lab2/FPGA-Lab2.srcs/sources_1/new/top_module.v:50]
WARNING: [Synth 8-7023] instance 'VGA' of module 'VGA_Counter' has 7 connections declared, but only 5 given [C:/Users/youssef/Desktop/DigitalSystems/FPGA-Lab2/FPGA-Lab2.srcs/sources_1/new/top_module.v:50]
INFO: [Synth 8-6157] synthesizing module 'SegmentDriver' [C:/Users/youssef/Desktop/DigitalSystems/FPGA-Lab2/FPGA-Lab2.srcs/sources_1/new/SegmentDriver.v:23]
INFO: [Synth 8-226] default block is never used [C:/Users/youssef/Desktop/DigitalSystems/FPGA-Lab2/FPGA-Lab2.srcs/sources_1/new/SegmentDriver.v:30]
INFO: [Synth 8-6155] done synthesizing module 'SegmentDriver' (0#1) [C:/Users/youssef/Desktop/DigitalSystems/FPGA-Lab2/FPGA-Lab2.srcs/sources_1/new/SegmentDriver.v:23]
INFO: [Synth 8-6155] done synthesizing module 'top_module' (0#1) [C:/Users/youssef/Desktop/DigitalSystems/FPGA-Lab2/FPGA-Lab2.srcs/sources_1/new/top_module.v:23]
WARNING: [Synth 8-3917] design top_module has port anode[3] driven by constant 1
WARNING: [Synth 8-3917] design top_module has port anode[2] driven by constant 1
WARNING: [Synth 8-3917] design top_module has port anode[1] driven by constant 1
WARNING: [Synth 8-3917] design top_module has port anode[0] driven by constant 0
---------------------------------------------------------------------------------
Finished RTL Elaboration : Time (s): cpu = 00:00:05 ; elapsed = 00:00:07 . Memory (MB): peak = 1455.648 ; gain = 557.844
---------------------------------------------------------------------------------
---------------------------------------------------------------------------------
Start Handling Custom Attributes
---------------------------------------------------------------------------------
---------------------------------------------------------------------------------
Finished Handling Custom Attributes : Time (s): cpu = 00:00:05 ; elapsed = 00:00:07 . Memory (MB): peak = 1455.648 ; gain = 557.844
---------------------------------------------------------------------------------
---------------------------------------------------------------------------------
Finished RTL Optimization Phase 1 : Time (s): cpu = 00:00:05 ; elapsed = 00:00:07 . Memory (MB): peak = 1455.648 ; gain = 557.844
---------------------------------------------------------------------------------
Netlist sorting complete. Time (s): cpu = 00:00:00 ; elapsed = 00:00:00.001 . Memory (MB): peak = 1455.648 ; gain = 0.000
INFO: [Project 1-570] Preparing netlist for logic optimization

Processing XDC Constraints
Initializing timing engine
Parsing XDC File [C:/Users/youssef/Desktop/DigitalSystems/FPGA-Lab2/FPGA-Lab2.srcs/constrs_1/new/constraints.xdc]
Finished Parsing XDC File [C:/Users/youssef/Desktop/DigitalSystems/FPGA-Lab2/FPGA-Lab2.srcs/constrs_1/new/constraints.xdc]
INFO: [Project 1-236] Implementation specific constraints were found while reading constraint file [C:/Users/youssef/Desktop/DigitalSystems/FPGA-Lab2/FPGA-Lab2.srcs/constrs_1/new/constraints.xdc]. These constraints will be ignored for synthesis but will be used in implementation. Impacted constraints are listed in the file [.Xil/top_module_propImpl.xdc].
Resolution: To avoid this warning, move constraints listed in [.Xil/top_module_propImpl.xdc] to another XDC file and exclude this new file from synthesis with the used_in_synthesis property (File Properties dialog in GUI) and re-run elaboration/synthesis.
Completed Processing XDC Constraints

Netlist sorting complete. Time (s): cpu = 00:00:00 ; elapsed = 00:00:00 . Memory (MB): peak = 1497.230 ; gain = 0.000
INFO: [Project 1-111] Unisim Transformation Summary:
No Unisim elements were transformed.

Constraint Validation Runtime : Time (s): cpu = 00:00:00 ; elapsed = 00:00:00.002 . Memory (MB): peak = 1497.230 ; gain = 0.000
INFO: [Designutils 20-5440] No compile time benefit to using incremental synthesis; A full resynthesis will be run
INFO: [Designutils 20-4379] Flow is switching to default flow due to incremental criteria not met. If you would like to alter this behaviour and have the flow terminate instead, please set the following parameter config_implementation {autoIncr.Synth.RejectBehavior Terminate}
---------------------------------------------------------------------------------
Finished Constraint Validation : Time (s): cpu = 00:00:09 ; elapsed = 00:00:14 . Memory (MB): peak = 1497.230 ; gain = 599.426
---------------------------------------------------------------------------------
---------------------------------------------------------------------------------
Start Loading Part and Timing Information
---------------------------------------------------------------------------------
Loading part: xc7a35tcpg236-1
---------------------------------------------------------------------------------
Finished Loading Part and Timing Information : Time (s): cpu = 00:00:09 ; elapsed = 00:00:14 . Memory (MB): peak = 1497.230 ; gain = 599.426
---------------------------------------------------------------------------------
---------------------------------------------------------------------------------
Start Applying 'set_property' XDC Constraints
---------------------------------------------------------------------------------
---------------------------------------------------------------------------------
Finished applying 'set_property' XDC Constraints : Time (s): cpu = 00:00:09 ; elapsed = 00:00:14 . Memory (MB): peak = 1497.230 ; gain = 599.426
---------------------------------------------------------------------------------
---------------------------------------------------------------------------------
Finished RTL Optimization Phase 2 : Time (s): cpu = 00:00:10 ; elapsed = 00:00:14 . Memory (MB): peak = 1497.230 ; gain = 599.426
---------------------------------------------------------------------------------
---------------------------------------------------------------------------------
Start RTL Component Statistics 
---------------------------------------------------------------------------------
Detailed RTL Component Info : 
+---Adders : 
	   2 Input   11 Bit       Adders := 2     
	   2 Input    4 Bit       Adders := 1     
	   2 Input    2 Bit       Adders := 1     
+---Registers : 
	               11 Bit    Registers := 2     
	                8 Bit    Registers := 1     
	                4 Bit    Registers := 1     
	                2 Bit    Registers := 1     
	                1 Bit    Registers := 3     
+---Muxes : 
	   2 Input    4 Bit        Muxes := 3     
---------------------------------------------------------------------------------
Finished RTL Component Statistics 
---------------------------------------------------------------------------------
---------------------------------------------------------------------------------
Start Part Resource Summary
---------------------------------------------------------------------------------
Part Resources:
DSPs: 90 (col length:60)
BRAMs: 100 (col length: RAMB18 60 RAMB36 30)
---------------------------------------------------------------------------------
Finished Part Resource Summary
---------------------------------------------------------------------------------
---------------------------------------------------------------------------------
Start Cross Boundary and Area Optimization
---------------------------------------------------------------------------------
WARNING: [Synth 8-7080] Parallel synthesis criteria is not met
WARNING: [Synth 8-3917] design top_module has port GREEN[0] driven by constant 0
WARNING: [Synth 8-3917] design top_module has port anode[3] driven by constant 1
WARNING: [Synth 8-3917] design top_module has port anode[2] driven by constant 1
WARNING: [Synth 8-3917] design top_module has port anode[1] driven by constant 1
WARNING: [Synth 8-3917] design top_module has port anode[0] driven by constant 0
---------------------------------------------------------------------------------
Finished Cross Boundary and Area Optimization : Time (s): cpu = 00:00:11 ; elapsed = 00:00:16 . Memory (MB): peak = 1497.230 ; gain = 599.426
---------------------------------------------------------------------------------
---------------------------------------------------------------------------------
Start Applying XDC Timing Constraints
---------------------------------------------------------------------------------
---------------------------------------------------------------------------------
Finished Applying XDC Timing Constraints : Time (s): cpu = 00:00:15 ; elapsed = 00:00:22 . Memory (MB): peak = 1497.230 ; gain = 599.426
---------------------------------------------------------------------------------
---------------------------------------------------------------------------------
Start Timing Optimization
---------------------------------------------------------------------------------
---------------------------------------------------------------------------------
Finished Timing Optimization : Time (s): cpu = 00:00:15 ; elapsed = 00:00:22 . Memory (MB): peak = 1497.230 ; gain = 599.426
---------------------------------------------------------------------------------
---------------------------------------------------------------------------------
Start Technology Mapping
---------------------------------------------------------------------------------
---------------------------------------------------------------------------------
Finished Technology Mapping : Time (s): cpu = 00:00:15 ; elapsed = 00:00:22 . Memory (MB): peak = 1497.230 ; gain = 599.426
---------------------------------------------------------------------------------
---------------------------------------------------------------------------------
Start IO Insertion
---------------------------------------------------------------------------------
---------------------------------------------------------------------------------
Start Flattening Before IO Insertion
---------------------------------------------------------------------------------
---------------------------------------------------------------------------------
Finished Flattening Before IO Insertion
---------------------------------------------------------------------------------
---------------------------------------------------------------------------------
Start Final Netlist Cleanup
---------------------------------------------------------------------------------
---------------------------------------------------------------------------------
Finished Final Netlist Cleanup
---------------------------------------------------------------------------------
---------------------------------------------------------------------------------
Finished IO Insertion : Time (s): cpu = 00:00:18 ; elapsed = 00:00:26 . Memory (MB): peak = 1497.230 ; gain = 599.426
---------------------------------------------------------------------------------
---------------------------------------------------------------------------------
Start Renaming Generated Instances
---------------------------------------------------------------------------------
---------------------------------------------------------------------------------
Finished Renaming Generated Instances : Time (s): cpu = 00:00:18 ; elapsed = 00:00:26 . Memory (MB): peak = 1497.230 ; gain = 599.426
---------------------------------------------------------------------------------
---------------------------------------------------------------------------------
Start Rebuilding User Hierarchy
---------------------------------------------------------------------------------
---------------------------------------------------------------------------------
Finished Rebuilding User Hierarchy : Time (s): cpu = 00:00:18 ; elapsed = 00:00:26 . Memory (MB): peak = 1497.230 ; gain = 599.426
---------------------------------------------------------------------------------
---------------------------------------------------------------------------------
Start Renaming Generated Ports
---------------------------------------------------------------------------------
---------------------------------------------------------------------------------
Finished Renaming Generated Ports : Time (s): cpu = 00:00:18 ; elapsed = 00:00:26 . Memory (MB): peak = 1497.230 ; gain = 599.426
---------------------------------------------------------------------------------
---------------------------------------------------------------------------------
Start Handling Custom Attributes
---------------------------------------------------------------------------------
---------------------------------------------------------------------------------
Finished Handling Custom Attributes : Time (s): cpu = 00:00:18 ; elapsed = 00:00:26 . Memory (MB): peak = 1497.230 ; gain = 599.426
---------------------------------------------------------------------------------
---------------------------------------------------------------------------------
Start Renaming Generated Nets
---------------------------------------------------------------------------------
---------------------------------------------------------------------------------
Finished Renaming Generated Nets : Time (s): cpu = 00:00:18 ; elapsed = 00:00:26 . Memory (MB): peak = 1497.230 ; gain = 599.426
---------------------------------------------------------------------------------
---------------------------------------------------------------------------------
Start Writing Synthesis Report
---------------------------------------------------------------------------------

Report BlackBoxes: 
+-+--------------+----------+
| |BlackBox name |Instances |
+-+--------------+----------+
+-+--------------+----------+

Report Cell Usage: 
+------+-------+------+
|      |Cell   |Count |
+------+-------+------+
|1     |BUFG   |     1|
|2     |CARRY4 |     5|
|3     |LUT1   |     4|
|4     |LUT2   |     6|
|5     |LUT3   |    10|
|6     |LUT4   |    13|
|7     |LUT5   |    19|
|8     |LUT6   |    15|
|9     |FDRE   |    59|
|10    |IBUF   |     2|
|11    |OBUF   |    26|
+------+-------+------+
---------------------------------------------------------------------------------
Finished Writing Synthesis Report : Time (s): cpu = 00:00:18 ; elapsed = 00:00:26 . Memory (MB): peak = 1497.230 ; gain = 599.426
---------------------------------------------------------------------------------
Synthesis finished with 0 errors, 0 critical warnings and 6 warnings.
Synthesis Optimization Runtime : Time (s): cpu = 00:00:13 ; elapsed = 00:00:24 . Memory (MB): peak = 1497.230 ; gain = 557.844
Synthesis Optimization Complete : Time (s): cpu = 00:00:19 ; elapsed = 00:00:26 . Memory (MB): peak = 1497.230 ; gain = 599.426
INFO: [Project 1-571] Translating synthesized netlist
Netlist sorting complete. Time (s): cpu = 00:00:00 ; elapsed = 00:00:00.001 . Memory (MB): peak = 1497.230 ; gain = 0.000
INFO: [Netlist 29-17] Analyzing 5 Unisim elements for replacement
INFO: [Netlist 29-28] Unisim Transformation completed in 0 CPU seconds
INFO: [Project 1-570] Preparing netlist for logic optimization
INFO: [Opt 31-138] Pushed 0 inverter(s) to 0 load pin(s).
Netlist sorting complete. Time (s): cpu = 00:00:00 ; elapsed = 00:00:00 . Memory (MB): peak = 1497.230 ; gain = 0.000
INFO: [Project 1-111] Unisim Transformation Summary:
No Unisim elements were transformed.

Synth Design complete | Checksum: 14091fc9
INFO: [Common 17-83] Releasing license: Synthesis
35 Infos, 15 Warnings, 0 Critical Warnings and 0 Errors encountered.
synth_design completed successfully
synth_design: Time (s): cpu = 00:00:22 ; elapsed = 00:00:31 . Memory (MB): peak = 1497.230 ; gain = 1000.008
Write ShapeDB Complete: Time (s): cpu = 00:00:00 ; elapsed = 00:00:00.001 . Memory (MB): peak = 1497.230 ; gain = 0.000
INFO: [Common 17-1381] The checkpoint 'C:/Users/youssef/Desktop/DigitalSystems/FPGA-Lab2/FPGA-Lab2.runs/synth_1/top_module.dcp' has been generated.
INFO: [Vivado 12-24828] Executing command : report_utilization -file top_module_utilization_synth.rpt -pb top_module_utilization_synth.pb
INFO: [Common 17-206] Exiting Vivado at Wed Oct  2 09:29:18 2024...
