Copyright 1986-2017 Xilinx, Inc. All Rights Reserved.
---------------------------------------------------------------------------------------
| Tool Version : Vivado v.2017.4 (win64) Build 2086221 Fri Dec 15 20:55:39 MST 2017
| Date         : Wed Oct  2 13:43:32 2024
| Host         : CECSDTN9SY3 running 64-bit major release  (build 9200)
| Command      : report_control_sets -verbose -file top_module_control_sets_placed.rpt
| Design       : top_module
| Device       : xc7a35t
---------------------------------------------------------------------------------------

Control Set Information

Table of Contents
-----------------
1. Summary
2. Flip-Flop Distribution
3. Detailed Control Set Information

1. Summary
----------

+----------------------------------------------------------+-------+
|                          Status                          | Count |
+----------------------------------------------------------+-------+
| Number of unique control sets                            |     4 |
| Unused register locations in slices containing registers |    20 |
+----------------------------------------------------------+-------+


2. Flip-Flop Distribution
-------------------------

+--------------+-----------------------+------------------------+-----------------+--------------+
| Clock Enable | Synchronous Set/Reset | Asynchronous Set/Reset | Total Registers | Total Slices |
+--------------+-----------------------+------------------------+-----------------+--------------+
| No           | No                    | No                     |              20 |            7 |
| No           | No                    | Yes                    |               0 |            0 |
| No           | Yes                   | No                     |               4 |            1 |
| Yes          | No                    | No                     |               4 |            1 |
| Yes          | No                    | Yes                    |               0 |            0 |
| Yes          | Yes                   | No                     |               0 |            0 |
+--------------+-----------------------+------------------------+-----------------+--------------+


3. Detailed Control Set Information
-----------------------------------

+-----------------+---------------+------------------+------------------+----------------+
|   Clock Signal  | Enable Signal | Set/Reset Signal | Slice Load Count | Bel Load Count |
+-----------------+---------------+------------------+------------------+----------------+
|  clk_IBUF_BUFG  | kbd/E[0]      |                  |                1 |              4 |
| ~kclk_IBUF_BUFG |               | kbd/clear        |                1 |              4 |
|  clk_IBUF_BUFG  |               |                  |                3 |              9 |
| ~kclk_IBUF_BUFG |               |                  |                4 |             11 |
+-----------------+---------------+------------------+------------------+----------------+


+--------+-----------------------+
| Fanout | Number of ControlSets |
+--------+-----------------------+
| 4      |                     2 |
| 9      |                     1 |
| 11     |                     1 |
+--------+-----------------------+


