Time resolution is 1 ps
 Block Memory Generator module loading initial data...
 Block Memory Generator data initialization complete.
Block Memory Generator module BitmapSim.bmp.fontROM.inst.native_mem_module.blk_mem_gen_v8_4_8_inst is using a behavioral model for simulation which will not precisely model memory collision behavior.
$finish called at time : 39 ns : File "C:/Users/youssef/Desktop/DigitalSystems/VGA_Driver/VGA_Driver.srcs/sim_1/new/BitmapSim.v" Line 52
 Block Memory Generator module loading initial data...
 Block Memory Generator data initialization complete.
Block Memory Generator module BitmapSim.bmp.fontROM.inst.native_mem_module.blk_mem_gen_v8_4_8_inst is using a behavioral model for simulation which will not precisely model memory collision behavior.
Stopped at time : 1 ns : File "C:/Users/youssef/Desktop/DigitalSystems/VGA_Driver/VGA_Driver.srcs/sim_1/new/BitmapSim.v" Line 44
Stopped at time : 1 ns : File "C:/Users/youssef/Desktop/DigitalSystems/VGA_Driver/VGA_Driver.srcs/sim_1/new/BitmapSim.v" Line 45
Stopped at time : 1 ns : File "C:/Users/youssef/Desktop/DigitalSystems/VGA_Driver/VGA_Driver.srcs/sources_1/new/BitmapBlock.v" Line 63
Stopped at time : 1 ns : File "C:/Users/youssef/Desktop/DigitalSystems/VGA_Driver/VGA_Driver.srcs/sources_1/new/BitmapBlock.v" Line 70
Stopped at time : 1 ns : File "C:/Users/youssef/Desktop/DigitalSystems/VGA_Driver/VGA_Driver.srcs/sources_1/new/BitmapBlock.v" Line 72
Stopped at time : 1 ns : File "C:/Users/youssef/Desktop/DigitalSystems/VGA_Driver/VGA_Driver.srcs/sources_1/new/BitmapBlock.v" Line 73
Stopped at time : 1 ns : File "C:/Users/youssef/Desktop/DigitalSystems/VGA_Driver/VGA_Driver.srcs/sources_1/new/BitmapBlock.v" Line 74
Stopped at time : 3 ns : File "C:/Users/youssef/Desktop/DigitalSystems/VGA_Driver/VGA_Driver.srcs/sim_1/new/BitmapSim.v" Line 44
Stopped at time : 3 ns : File "C:/Users/youssef/Desktop/DigitalSystems/VGA_Driver/VGA_Driver.srcs/sim_1/new/BitmapSim.v" Line 45
Stopped at time : 3 ns : File "C:/Users/youssef/Desktop/DigitalSystems/VGA_Driver/VGA_Driver.srcs/sources_1/new/BitmapBlock.v" Line 63
Stopped at time : 3 ns : File "C:/Users/youssef/Desktop/DigitalSystems/VGA_Driver/VGA_Driver.srcs/sources_1/new/BitmapBlock.v" Line 70
Stopped at time : 3 ns : File "C:/Users/youssef/Desktop/DigitalSystems/VGA_Driver/VGA_Driver.srcs/sources_1/new/BitmapBlock.v" Line 72
Stopped at time : 3 ns : File "C:/Users/youssef/Desktop/DigitalSystems/VGA_Driver/VGA_Driver.srcs/sources_1/new/BitmapBlock.v" Line 73
Stopped at time : 3 ns : File "C:/Users/youssef/Desktop/DigitalSystems/VGA_Driver/VGA_Driver.srcs/sources_1/new/BitmapBlock.v" Line 74
Stopped at time : 5 ns : File "C:/Users/youssef/Desktop/DigitalSystems/VGA_Driver/VGA_Driver.srcs/sim_1/new/BitmapSim.v" Line 44
Stopped at time : 5 ns : File "C:/Users/youssef/Desktop/DigitalSystems/VGA_Driver/VGA_Driver.srcs/sim_1/new/BitmapSim.v" Line 45
Stopped at time : 5 ns : File "C:/Users/youssef/Desktop/DigitalSystems/VGA_Driver/VGA_Driver.srcs/sources_1/new/BitmapBlock.v" Line 63
Stopped at time : 5 ns : File "C:/Users/youssef/Desktop/DigitalSystems/VGA_Driver/VGA_Driver.srcs/sources_1/new/BitmapBlock.v" Line 70
Stopped at time : 5 ns : File "C:/Users/youssef/Desktop/DigitalSystems/VGA_Driver/VGA_Driver.srcs/sources_1/new/BitmapBlock.v" Line 72
Stopped at time : 5 ns : File "C:/Users/youssef/Desktop/DigitalSystems/VGA_Driver/VGA_Driver.srcs/sources_1/new/BitmapBlock.v" Line 73
Stopped at time : 5 ns : File "C:/Users/youssef/Desktop/DigitalSystems/VGA_Driver/VGA_Driver.srcs/sources_1/new/BitmapBlock.v" Line 74
Stopped at time : 7 ns : File "C:/Users/youssef/Desktop/DigitalSystems/VGA_Driver/VGA_Driver.srcs/sim_1/new/BitmapSim.v" Line 44
Stopped at time : 7 ns : File "C:/Users/youssef/Desktop/DigitalSystems/VGA_Driver/VGA_Driver.srcs/sim_1/new/BitmapSim.v" Line 45
Stopped at time : 7 ns : File "C:/Users/youssef/Desktop/DigitalSystems/VGA_Driver/VGA_Driver.srcs/sim_1/new/BitmapSim.v" Line 46
Stopped at time : 7 ns : File "C:/Users/youssef/Desktop/DigitalSystems/VGA_Driver/VGA_Driver.srcs/sim_1/new/BitmapSim.v" Line 47
Stopped at time : 7 ns : File "C:/Users/youssef/Desktop/DigitalSystems/VGA_Driver/VGA_Driver.srcs/sources_1/new/BitmapBlock.v" Line 63
Stopped at time : 7 ns : File "C:/Users/youssef/Desktop/DigitalSystems/VGA_Driver/VGA_Driver.srcs/sources_1/new/BitmapBlock.v" Line 70
Stopped at time : 7 ns : File "C:/Users/youssef/Desktop/DigitalSystems/VGA_Driver/VGA_Driver.srcs/sources_1/new/BitmapBlock.v" Line 72
Stopped at time : 7 ns : File "C:/Users/youssef/Desktop/DigitalSystems/VGA_Driver/VGA_Driver.srcs/sources_1/new/BitmapBlock.v" Line 73
Stopped at time : 7 ns : File "C:/Users/youssef/Desktop/DigitalSystems/VGA_Driver/VGA_Driver.srcs/sources_1/new/BitmapBlock.v" Line 74
Stopped at time : 9 ns : File "C:/Users/youssef/Desktop/DigitalSystems/VGA_Driver/VGA_Driver.srcs/sim_1/new/BitmapSim.v" Line 44
Stopped at time : 9 ns : File "C:/Users/youssef/Desktop/DigitalSystems/VGA_Driver/VGA_Driver.srcs/sim_1/new/BitmapSim.v" Line 45
Stopped at time : 9 ns : File "C:/Users/youssef/Desktop/DigitalSystems/VGA_Driver/VGA_Driver.srcs/sources_1/new/BitmapBlock.v" Line 63
Stopped at time : 9 ns : File "C:/Users/youssef/Desktop/DigitalSystems/VGA_Driver/VGA_Driver.srcs/sources_1/new/BitmapBlock.v" Line 70
Stopped at time : 9 ns : File "C:/Users/youssef/Desktop/DigitalSystems/VGA_Driver/VGA_Driver.srcs/sources_1/new/BitmapBlock.v" Line 72
