
*** Running vivado
    with args -log display.vds -m64 -product Vivado -mode batch -messageDb vivado.pb -notrace -source display.tcl



****** Vivado v2022.2 (64-bit)
  **** SW Build 3671981 on Fri Oct 14 05:00:03 MDT 2022
  **** IP Build 3669848 on Fri Oct 14 08:30:02 MDT 2022
    ** Copyright 1986-2022 Xilinx, Inc. All Rights Reserved.

source display.tcl -notrace
create_project: Time (s): cpu = 00:00:02 ; elapsed = 00:00:05 . Memory (MB): peak = 394.375 ; gain = 68.695
Command: read_checkpoint -auto_incremental -incremental C:/Users/youssef/Desktop/DigitalSystems/7_Segment_Display/7_Segment_Display.srcs/utils_1/imports/synth_1/display.dcp
INFO: [Vivado 12-5825] Read reference checkpoint from C:/Users/youssef/Desktop/DigitalSystems/7_Segment_Display/7_Segment_Display.srcs/utils_1/imports/synth_1/display.dcp for incremental synthesis
INFO: [Vivado 12-7989] Please ensure there are no constraint changes
Command: synth_design -top display -part xc7a35tcpg236-1
Starting synth_design
Attempting to get a license for feature 'Synthesis' and/or device 'xc7a35t'
INFO: [Common 17-349] Got license for feature 'Synthesis' and/or device 'xc7a35t'
INFO: [Device 21-403] Loading part xc7a35tcpg236-1
INFO: [Designutils 20-5440] No compile time benefit to using incremental synthesis; A full resynthesis will be run
INFO: [Designutils 20-4379] Flow is switching to default flow due to incremental criteria not met. If you would like to alter this behaviour and have the flow terminate instead, please set the following parameter config_implementation {autoIncr.Synth.RejectBehavior Terminate}
INFO: [Synth 8-7079] Multithreading enabled for synth_design using a maximum of 2 processes.
INFO: [Synth 8-7078] Launching helper process for spawning children vivado processes
INFO: [Synth 8-7075] Helper process launched with PID 17108
INFO: [Synth 8-11241] undeclared symbol 'REGCCE', assumed default net type 'wire' [E:/Programs/Vivado/Vivado/2022.2/data/verilog/src/unimacro/BRAM_SINGLE_MACRO.v:2170]
---------------------------------------------------------------------------------
Starting RTL Elaboration : Time (s): cpu = 00:00:04 ; elapsed = 00:00:05 . Memory (MB): peak = 1206.051 ; gain = 409.168
---------------------------------------------------------------------------------
INFO: [Synth 8-6157] synthesizing module 'display' [C:/Users/youssef/Desktop/DigitalSystems/7_Segment_Display/7_Segment_Display.srcs/sources_1/new/display.v:23]
INFO: [Synth 8-6157] synthesizing module 'ClockDivider' [C:/Users/youssef/Desktop/DigitalSystems/7_Segment_Display/7_Segment_Display.srcs/sources_1/new/ClockDivider.v:24]
	Parameter TARGET_VALUE bound to: 750000 - type: integer 
INFO: [Synth 8-6155] done synthesizing module 'ClockDivider' (0#1) [C:/Users/youssef/Desktop/DigitalSystems/7_Segment_Display/7_Segment_Display.srcs/sources_1/new/ClockDivider.v:24]
INFO: [Synth 8-6157] synthesizing module 'ClockDivider__parameterized0' [C:/Users/youssef/Desktop/DigitalSystems/7_Segment_Display/7_Segment_Display.srcs/sources_1/new/ClockDivider.v:24]
	Parameter TARGET_VALUE bound to: 8333333 - type: integer 
INFO: [Synth 8-6155] done synthesizing module 'ClockDivider__parameterized0' (0#1) [C:/Users/youssef/Desktop/DigitalSystems/7_Segment_Display/7_Segment_Display.srcs/sources_1/new/ClockDivider.v:24]
INFO: [Synth 8-6157] synthesizing module 'ButtonCounter' [C:/Users/youssef/Desktop/DigitalSystems/7_Segment_Display/7_Segment_Display.srcs/sources_1/new/ButtonCounter.v:23]
INFO: [Synth 8-6155] done synthesizing module 'ButtonCounter' (0#1) [C:/Users/youssef/Desktop/DigitalSystems/7_Segment_Display/7_Segment_Display.srcs/sources_1/new/ButtonCounter.v:23]
INFO: [Synth 8-6157] synthesizing module 'BoundedCounter' [C:/Users/youssef/Desktop/DigitalSystems/7_Segment_Display/7_Segment_Display.srcs/sources_1/new/BoundedCounter.v:23]
	Parameter WIDTH bound to: 4 - type: integer 
	Parameter MaxValue bound to: 15 - type: integer 
INFO: [Synth 8-6155] done synthesizing module 'BoundedCounter' (0#1) [C:/Users/youssef/Desktop/DigitalSystems/7_Segment_Display/7_Segment_Display.srcs/sources_1/new/BoundedCounter.v:23]
INFO: [Synth 8-6157] synthesizing module 'SegmentDriver' [C:/Users/youssef/Desktop/DigitalSystems/7_Segment_Display/7_Segment_Display.srcs/sources_1/new/SegmentDriver.v:23]
INFO: [Synth 8-226] default block is never used [C:/Users/youssef/Desktop/DigitalSystems/7_Segment_Display/7_Segment_Display.srcs/sources_1/new/SegmentDriver.v:30]
INFO: [Synth 8-6155] done synthesizing module 'SegmentDriver' (0#1) [C:/Users/youssef/Desktop/DigitalSystems/7_Segment_Display/7_Segment_Display.srcs/sources_1/new/SegmentDriver.v:23]
INFO: [Synth 8-6157] synthesizing module 'AnodeMUX' [C:/Users/youssef/Desktop/DigitalSystems/7_Segment_Display/7_Segment_Display.srcs/sources_1/new/AnodeMUX.v:23]
INFO: [Synth 8-6157] synthesizing module 'BoundedCounter__parameterized0' [C:/Users/youssef/Desktop/DigitalSystems/7_Segment_Display/7_Segment_Display.srcs/sources_1/new/BoundedCounter.v:23]
	Parameter WIDTH bound to: 2 - type: integer 
	Parameter MaxValue bound to: 3 - type: integer 
INFO: [Synth 8-6155] done synthesizing module 'BoundedCounter__parameterized0' (0#1) [C:/Users/youssef/Desktop/DigitalSystems/7_Segment_Display/7_Segment_Display.srcs/sources_1/new/BoundedCounter.v:23]
INFO: [Synth 8-6157] synthesizing module 'ClockDivider__parameterized1' [C:/Users/youssef/Desktop/DigitalSystems/7_Segment_Display/7_Segment_Display.srcs/sources_1/new/ClockDivider.v:24]
	Parameter TARGET_VALUE bound to: 130208 - type: integer 
INFO: [Synth 8-6155] done synthesizing module 'ClockDivider__parameterized1' (0#1) [C:/Users/youssef/Desktop/DigitalSystems/7_Segment_Display/7_Segment_Display.srcs/sources_1/new/ClockDivider.v:24]
INFO: [Synth 8-6155] done synthesizing module 'AnodeMUX' (0#1) [C:/Users/youssef/Desktop/DigitalSystems/7_Segment_Display/7_Segment_Display.srcs/sources_1/new/AnodeMUX.v:23]
INFO: [Synth 8-6155] done synthesizing module 'display' (0#1) [C:/Users/youssef/Desktop/DigitalSystems/7_Segment_Display/7_Segment_Display.srcs/sources_1/new/display.v:23]
---------------------------------------------------------------------------------
Finished RTL Elaboration : Time (s): cpu = 00:00:06 ; elapsed = 00:00:07 . Memory (MB): peak = 1296.305 ; gain = 499.422
---------------------------------------------------------------------------------
---------------------------------------------------------------------------------
Start Handling Custom Attributes
---------------------------------------------------------------------------------
---------------------------------------------------------------------------------
Finished Handling Custom Attributes : Time (s): cpu = 00:00:06 ; elapsed = 00:00:07 . Memory (MB): peak = 1296.305 ; gain = 499.422
---------------------------------------------------------------------------------
---------------------------------------------------------------------------------
Finished RTL Optimization Phase 1 : Time (s): cpu = 00:00:06 ; elapsed = 00:00:07 . Memory (MB): peak = 1296.305 ; gain = 499.422
---------------------------------------------------------------------------------
Netlist sorting complete. Time (s): cpu = 00:00:00 ; elapsed = 00:00:00.002 . Memory (MB): peak = 1296.305 ; gain = 0.000
INFO: [Project 1-570] Preparing netlist for logic optimization

Processing XDC Constraints
Initializing timing engine
Parsing XDC File [C:/Users/youssef/Desktop/DigitalSystems/7_Segment_Display/7_Segment_Display.srcs/constrs_1/new/constraints.xdc]
Finished Parsing XDC File [C:/Users/youssef/Desktop/DigitalSystems/7_Segment_Display/7_Segment_Display.srcs/constrs_1/new/constraints.xdc]
INFO: [Project 1-236] Implementation specific constraints were found while reading constraint file [C:/Users/youssef/Desktop/DigitalSystems/7_Segment_Display/7_Segment_Display.srcs/constrs_1/new/constraints.xdc]. These constraints will be ignored for synthesis but will be used in implementation. Impacted constraints are listed in the file [.Xil/display_propImpl.xdc].
Resolution: To avoid this warning, move constraints listed in [.Xil/display_propImpl.xdc] to another XDC file and exclude this new file from synthesis with the used_in_synthesis property (File Properties dialog in GUI) and re-run elaboration/synthesis.
Completed Processing XDC Constraints

Netlist sorting complete. Time (s): cpu = 00:00:00 ; elapsed = 00:00:00 . Memory (MB): peak = 1330.926 ; gain = 0.000
INFO: [Project 1-111] Unisim Transformation Summary:
No Unisim elements were transformed.

Constraint Validation Runtime : Time (s): cpu = 00:00:00 ; elapsed = 00:00:00.002 . Memory (MB): peak = 1330.926 ; gain = 0.000
INFO: [Designutils 20-5440] No compile time benefit to using incremental synthesis; A full resynthesis will be run
INFO: [Designutils 20-4379] Flow is switching to default flow due to incremental criteria not met. If you would like to alter this behaviour and have the flow terminate instead, please set the following parameter config_implementation {autoIncr.Synth.RejectBehavior Terminate}
INFO: [Synth 8-11241] undeclared symbol 'REGCCE', assumed default net type 'wire' [E:/Programs/Vivado/Vivado/2022.2/data/verilog/src/unimacro/BRAM_SINGLE_MACRO.v:2170]
---------------------------------------------------------------------------------
Finished Constraint Validation : Time (s): cpu = 00:00:11 ; elapsed = 00:00:13 . Memory (MB): peak = 1330.926 ; gain = 534.043
---------------------------------------------------------------------------------
---------------------------------------------------------------------------------
Start Loading Part and Timing Information
---------------------------------------------------------------------------------
Loading part: xc7a35tcpg236-1
---------------------------------------------------------------------------------
Finished Loading Part and Timing Information : Time (s): cpu = 00:00:11 ; elapsed = 00:00:13 . Memory (MB): peak = 1330.926 ; gain = 534.043
---------------------------------------------------------------------------------
---------------------------------------------------------------------------------
Start Applying 'set_property' XDC Constraints
---------------------------------------------------------------------------------
---------------------------------------------------------------------------------
Finished applying 'set_property' XDC Constraints : Time (s): cpu = 00:00:11 ; elapsed = 00:00:13 . Memory (MB): peak = 1330.926 ; gain = 534.043
---------------------------------------------------------------------------------
---------------------------------------------------------------------------------
Finished RTL Optimization Phase 2 : Time (s): cpu = 00:00:11 ; elapsed = 00:00:14 . Memory (MB): peak = 1330.926 ; gain = 534.043
---------------------------------------------------------------------------------
---------------------------------------------------------------------------------
Start RTL Component Statistics 
---------------------------------------------------------------------------------
Detailed RTL Component Info : 
+---Adders : 
	   2 Input    4 Bit       Adders := 4     
	   2 Input    2 Bit       Adders := 1     
+---Registers : 
	                8 Bit    Registers := 6     
	                4 Bit    Registers := 6     
	                2 Bit    Registers := 1     
	                1 Bit    Registers := 6     
+---Muxes : 
	   4 Input    8 Bit        Muxes := 1     
	   4 Input    4 Bit        Muxes := 1     
	   2 Input    1 Bit        Muxes := 1     
---------------------------------------------------------------------------------
Finished RTL Component Statistics 
---------------------------------------------------------------------------------
---------------------------------------------------------------------------------
Start Part Resource Summary
---------------------------------------------------------------------------------
Part Resources:
DSPs: 90 (col length:60)
BRAMs: 100 (col length: RAMB18 60 RAMB36 30)
---------------------------------------------------------------------------------
Finished Part Resource Summary
---------------------------------------------------------------------------------
---------------------------------------------------------------------------------
Start Cross Boundary and Area Optimization
---------------------------------------------------------------------------------
WARNING: [Synth 8-7080] Parallel synthesis criteria is not met
---------------------------------------------------------------------------------
Finished Cross Boundary and Area Optimization : Time (s): cpu = 00:00:13 ; elapsed = 00:00:15 . Memory (MB): peak = 1330.926 ; gain = 534.043
---------------------------------------------------------------------------------
---------------------------------------------------------------------------------
Start Applying XDC Timing Constraints
---------------------------------------------------------------------------------
---------------------------------------------------------------------------------
Finished Applying XDC Timing Constraints : Time (s): cpu = 00:00:17 ; elapsed = 00:00:20 . Memory (MB): peak = 1330.926 ; gain = 534.043
---------------------------------------------------------------------------------
---------------------------------------------------------------------------------
Start Timing Optimization
---------------------------------------------------------------------------------
---------------------------------------------------------------------------------
Finished Timing Optimization : Time (s): cpu = 00:00:17 ; elapsed = 00:00:20 . Memory (MB): peak = 1330.926 ; gain = 534.043
---------------------------------------------------------------------------------
---------------------------------------------------------------------------------
Start Technology Mapping
---------------------------------------------------------------------------------
---------------------------------------------------------------------------------
Finished Technology Mapping : Time (s): cpu = 00:00:17 ; elapsed = 00:00:20 . Memory (MB): peak = 1330.926 ; gain = 534.043
---------------------------------------------------------------------------------
---------------------------------------------------------------------------------
Start IO Insertion
---------------------------------------------------------------------------------
---------------------------------------------------------------------------------
Start Flattening Before IO Insertion
---------------------------------------------------------------------------------
---------------------------------------------------------------------------------
Finished Flattening Before IO Insertion
---------------------------------------------------------------------------------
---------------------------------------------------------------------------------
Start Final Netlist Cleanup
---------------------------------------------------------------------------------
---------------------------------------------------------------------------------
Finished Final Netlist Cleanup
---------------------------------------------------------------------------------
---------------------------------------------------------------------------------
Finished IO Insertion : Time (s): cpu = 00:00:21 ; elapsed = 00:00:24 . Memory (MB): peak = 1330.926 ; gain = 534.043
---------------------------------------------------------------------------------
---------------------------------------------------------------------------------
Start Renaming Generated Instances
---------------------------------------------------------------------------------
---------------------------------------------------------------------------------
Finished Renaming Generated Instances : Time (s): cpu = 00:00:21 ; elapsed = 00:00:24 . Memory (MB): peak = 1330.926 ; gain = 534.043
---------------------------------------------------------------------------------
---------------------------------------------------------------------------------
Start Rebuilding User Hierarchy
---------------------------------------------------------------------------------
---------------------------------------------------------------------------------
Finished Rebuilding User Hierarchy : Time (s): cpu = 00:00:21 ; elapsed = 00:00:24 . Memory (MB): peak = 1330.926 ; gain = 534.043
---------------------------------------------------------------------------------
---------------------------------------------------------------------------------
Start Renaming Generated Ports
---------------------------------------------------------------------------------
---------------------------------------------------------------------------------
Finished Renaming Generated Ports : Time (s): cpu = 00:00:21 ; elapsed = 00:00:24 . Memory (MB): peak = 1330.926 ; gain = 534.043
---------------------------------------------------------------------------------
---------------------------------------------------------------------------------
Start Handling Custom Attributes
---------------------------------------------------------------------------------
---------------------------------------------------------------------------------
Finished Handling Custom Attributes : Time (s): cpu = 00:00:21 ; elapsed = 00:00:24 . Memory (MB): peak = 1330.926 ; gain = 534.043
---------------------------------------------------------------------------------
---------------------------------------------------------------------------------
Start Renaming Generated Nets
---------------------------------------------------------------------------------
---------------------------------------------------------------------------------
Finished Renaming Generated Nets : Time (s): cpu = 00:00:21 ; elapsed = 00:00:24 . Memory (MB): peak = 1330.926 ; gain = 534.043
---------------------------------------------------------------------------------
---------------------------------------------------------------------------------
Start Writing Synthesis Report
---------------------------------------------------------------------------------

Report BlackBoxes: 
+-+--------------+----------+
| |BlackBox name |Instances |
+-+--------------+----------+
+-+--------------+----------+

Report Cell Usage: 
+------+-------+------+
|      |Cell   |Count |
+------+-------+------+
|1     |BUFG   |     1|
|2     |CARRY4 |    16|
|3     |LUT1   |     8|
|4     |LUT2   |    15|
|5     |LUT3   |    10|
|6     |LUT4   |    43|
|7     |LUT5   |     4|
|8     |LUT6   |    13|
|9     |FDRE   |   140|
|10    |IBUF   |     3|
|11    |OBUF   |    12|
+------+-------+------+
---------------------------------------------------------------------------------
Finished Writing Synthesis Report : Time (s): cpu = 00:00:21 ; elapsed = 00:00:24 . Memory (MB): peak = 1330.926 ; gain = 534.043
---------------------------------------------------------------------------------
Synthesis finished with 0 errors, 0 critical warnings and 1 warnings.
Synthesis Optimization Runtime : Time (s): cpu = 00:00:14 ; elapsed = 00:00:23 . Memory (MB): peak = 1330.926 ; gain = 499.422
Synthesis Optimization Complete : Time (s): cpu = 00:00:21 ; elapsed = 00:00:24 . Memory (MB): peak = 1330.926 ; gain = 534.043
INFO: [Project 1-571] Translating synthesized netlist
Netlist sorting complete. Time (s): cpu = 00:00:00 ; elapsed = 00:00:00.001 . Memory (MB): peak = 1338.238 ; gain = 0.000
INFO: [Netlist 29-17] Analyzing 16 Unisim elements for replacement
INFO: [Netlist 29-28] Unisim Transformation completed in 0 CPU seconds
INFO: [Project 1-570] Preparing netlist for logic optimization
INFO: [Opt 31-138] Pushed 0 inverter(s) to 0 load pin(s).
Netlist sorting complete. Time (s): cpu = 00:00:00 ; elapsed = 00:00:00 . Memory (MB): peak = 1345.879 ; gain = 0.000
INFO: [Project 1-111] Unisim Transformation Summary:
No Unisim elements were transformed.

Synth Design complete, checksum: 70097d34
INFO: [Common 17-83] Releasing license: Synthesis
42 Infos, 1 Warnings, 0 Critical Warnings and 0 Errors encountered.
synth_design completed successfully
synth_design: Time (s): cpu = 00:00:23 ; elapsed = 00:00:33 . Memory (MB): peak = 1345.879 ; gain = 926.621
INFO: [Common 17-1381] The checkpoint 'C:/Users/youssef/Desktop/DigitalSystems/7_Segment_Display/7_Segment_Display.runs/synth_1/display.dcp' has been generated.
INFO: [runtcl-4] Executing : report_utilization -file display_utilization_synth.rpt -pb display_utilization_synth.pb
INFO: [Common 17-206] Exiting Vivado at Sun Sep  1 16:08:58 2024...
